<?xml version="1.0" encoding="UTF-8"?>
<testng-results ignored="0" total="1" passed="1" failed="0" skipped="0">
  <reporter-output>
  </reporter-output>
  <suite started-at="2021-02-04T21:33:28 CET" name="Default suite" finished-at="2021-02-04T21:33:42 CET" duration-ms="13351">
    <groups>
    </groups>
    <test started-at="2021-02-04T21:33:28 CET" name="Default test" finished-at="2021-02-04T21:33:42 CET" duration-ms="13351">
      <class name="tests.demoTests">
        <test-method signature="demoTest()[pri:0, instance:tests.demoTests@124c278f]" started-at="2021-02-04T21:33:28 CET" name="demoTest" finished-at="2021-02-04T21:33:42 CET" duration-ms="13275" status="PASS">
          <reporter-output>
          </reporter-output>
        </test-method> <!-- demoTest -->
      </class> <!-- tests.demoTests -->
    </test> <!-- Default test -->
  </suite> <!-- Default suite -->
</testng-results>
